<?xml version="1.0" encoding="UTF-8" ?>
<testsuite tests="3" failures="0" name="org.tron.trident.utils.ConvertTest" time="0" errors="0" skipped="0">
  <properties>
[...]
</properties>
  <testcase classname="org.tron.trident.utils.ConvertTest" name="org.tron.trident.utils.ConvertTest.testFromSum" time="0"/>
  <testcase classname="org.tron.trident.utils.ConvertTest" name="org.tron.trident.utils.ConvertTest.testToWei" time="0"/>
  <testcase classname="org.tron.trident.utils.ConvertTest" name="org.tron.trident.utils.ConvertTest.testUnit" time="0"/>
</testsuite>